[2025-08-29 18:29:45] [INFO] === Starting Assessment Publisher ===
[2025-08-29 18:29:45] [INFO] Starting assessment publisher
[2025-08-29 18:29:45] [INFO] PHP Version: 8.2.12
[2025-08-29 18:29:45] [INFO] Script Path: C:\xampp_\htdocs\access-teacher\AssessmentPublisher.php
[2025-08-29 18:29:45] [INFO] Current Time (Manila): 2025-08-29 18:29:45
[2025-08-29 18:29:45] [INFO] Assessments Path: C:\xampp_\htdocs/assessment-list/quizzes
[2025-08-29 18:29:45] [INFO] Found 6 JSON files
[2025-08-29 18:29:45] [INFO] Processing: quiz_1756374679_testing.json
[2025-08-29 18:29:45] [INFO] Processing: quiz_1756388898_Alphass.json
[2025-08-29 18:29:45] [INFO] Processing: quiz_1756393070_xz.json
[2025-08-29 18:29:45] [INFO] Processing: quiz_1756396232_Untitled_Quiz.json
[2025-08-29 18:29:45] [INFO] Processing: quiz_1756397470_Alpha_Beta.json
[2025-08-29 18:29:45] [INFO] Processing: quiz_1756454593_Testing_.json
[2025-08-29 18:29:45] [INFO] === Finished Assessment Publisher ===
[2025-08-29 18:29:52] [INFO] === Starting Assessment Publisher ===
[2025-08-29 18:29:52] [INFO] Starting assessment publisher
[2025-08-29 18:29:52] [INFO] PHP Version: 8.2.12
[2025-08-29 18:29:52] [INFO] Script Path: C:\xampp_\htdocs\access-teacher\AssessmentPublisher.php
[2025-08-29 18:29:52] [INFO] Current Time (Manila): 2025-08-29 18:29:52
[2025-08-29 18:29:52] [INFO] Assessments Path: C:\xampp_\htdocs/assessment-list/quizzes
[2025-08-29 18:29:52] [INFO] Found 6 JSON files
[2025-08-29 18:29:52] [INFO] Processing: quiz_1756374679_testing.json
[2025-08-29 18:29:52] [INFO] Processing: quiz_1756388898_Alphass.json
[2025-08-29 18:29:52] [INFO] Processing: quiz_1756393070_xz.json
[2025-08-29 18:29:52] [INFO] Processing: quiz_1756396232_Untitled_Quiz.json
[2025-08-29 18:29:52] [INFO] Processing: quiz_1756397470_Alpha_Beta.json
[2025-08-29 18:29:52] [INFO] Processing: quiz_1756454593_Testing_.json
[2025-08-29 18:29:52] [INFO] === Finished Assessment Publisher ===
[2025-08-29 18:29:52] [INFO] === Starting Assessment Publisher ===
[2025-08-29 18:29:52] [INFO] Starting assessment publisher
[2025-08-29 18:29:52] [INFO] PHP Version: 8.2.12
[2025-08-29 18:29:52] [INFO] Script Path: C:\xampp_\htdocs\access-teacher\AssessmentPublisher.php
[2025-08-29 18:29:52] [INFO] Current Time (Manila): 2025-08-29 18:29:52
[2025-08-29 18:29:52] [INFO] Assessments Path: C:\xampp_\htdocs/assessment-list/quizzes
[2025-08-29 18:29:52] [INFO] Found 6 JSON files
[2025-08-29 18:29:52] [INFO] Processing: quiz_1756374679_testing.json
[2025-08-29 18:29:52] [INFO] Processing: quiz_1756388898_Alphass.json
[2025-08-29 18:29:52] [INFO] Processing: quiz_1756393070_xz.json
[2025-08-29 18:29:52] [INFO] Processing: quiz_1756396232_Untitled_Quiz.json
[2025-08-29 18:29:52] [INFO] Processing: quiz_1756397470_Alpha_Beta.json
[2025-08-29 18:29:52] [INFO] Processing: quiz_1756454593_Testing_.json
[2025-08-29 18:29:52] [INFO] === Finished Assessment Publisher ===
[2025-08-29 18:29:52] [INFO] === Starting Assessment Publisher ===
[2025-08-29 18:29:52] [INFO] Starting assessment publisher
[2025-08-29 18:29:52] [INFO] PHP Version: 8.2.12
[2025-08-29 18:29:52] [INFO] Script Path: C:\xampp_\htdocs\access-teacher\AssessmentPublisher.php
[2025-08-29 18:29:52] [INFO] Current Time (Manila): 2025-08-29 18:29:52
[2025-08-29 18:29:52] [INFO] Assessments Path: C:\xampp_\htdocs/assessment-list/quizzes
[2025-08-29 18:29:52] [INFO] Found 6 JSON files
[2025-08-29 18:29:52] [INFO] Processing: quiz_1756374679_testing.json
[2025-08-29 18:29:52] [INFO] Processing: quiz_1756388898_Alphass.json
[2025-08-29 18:29:52] [INFO] Processing: quiz_1756393070_xz.json
[2025-08-29 18:29:52] [INFO] Processing: quiz_1756396232_Untitled_Quiz.json
[2025-08-29 18:29:52] [INFO] Processing: quiz_1756397470_Alpha_Beta.json
[2025-08-29 18:29:52] [INFO] Processing: quiz_1756454593_Testing_.json
[2025-08-29 18:29:52] [INFO] === Finished Assessment Publisher ===
[2025-08-29 12:30:27] [INFO] === Starting Assessment Publisher ===
[2025-08-29 18:30:27] [INFO] Starting assessment publisher
[2025-08-29 18:30:27] [INFO] PHP Version: 8.2.12
[2025-08-29 18:30:27] [INFO] Script Path: C:\xampp_\htdocs\access-teacher\AssessmentPublisher.php
[2025-08-29 18:30:27] [INFO] Current Server Time: 2025-08-29 18:30:27
[2025-08-29 18:30:27] [INFO] === Finished Assessment Publisher ===
[2025-08-29 12:32:01] [INFO] === Starting Assessment Publisher ===
[2025-08-29 18:32:01] [INFO] Starting assessment publisher
[2025-08-29 18:32:01] [INFO] PHP Version: 8.2.12
[2025-08-29 18:32:01] [INFO] Script Path: C:\xampp_\htdocs\access-teacher\AssessmentPublisher.php
[2025-08-29 18:32:01] [INFO] Current Server Time: 2025-08-29 18:32:01
[2025-08-29 18:32:01] [INFO] === Finished Assessment Publisher ===
[2025-08-29 12:32:02] [INFO] === Starting Assessment Publisher ===
[2025-08-29 18:32:02] [INFO] Starting assessment publisher
[2025-08-29 18:32:02] [INFO] PHP Version: 8.2.12
[2025-08-29 18:32:02] [INFO] Script Path: C:\xampp_\htdocs\access-teacher\AssessmentPublisher.php
[2025-08-29 18:32:02] [INFO] Current Server Time: 2025-08-29 18:32:02
[2025-08-29 18:32:02] [INFO] === Finished Assessment Publisher ===
[2025-08-29 12:32:03] [INFO] === Starting Assessment Publisher ===
[2025-08-29 18:32:03] [INFO] Starting assessment publisher
[2025-08-29 18:32:03] [INFO] PHP Version: 8.2.12
[2025-08-29 18:32:03] [INFO] Script Path: C:\xampp_\htdocs\access-teacher\AssessmentPublisher.php
[2025-08-29 18:32:03] [INFO] Current Server Time: 2025-08-29 18:32:03
[2025-08-29 18:32:03] [INFO] === Finished Assessment Publisher ===
[2025-08-29 12:32:03] [INFO] === Starting Assessment Publisher ===
[2025-08-29 18:32:03] [INFO] Starting assessment publisher
[2025-08-29 18:32:03] [INFO] PHP Version: 8.2.12
[2025-08-29 18:32:03] [INFO] Script Path: C:\xampp_\htdocs\access-teacher\AssessmentPublisher.php
[2025-08-29 18:32:03] [INFO] Current Server Time: 2025-08-29 18:32:03
[2025-08-29 18:32:03] [INFO] === Finished Assessment Publisher ===
[2025-08-29 12:32:03] [INFO] === Starting Assessment Publisher ===
[2025-08-29 18:32:03] [INFO] Starting assessment publisher
[2025-08-29 18:32:03] [INFO] PHP Version: 8.2.12
[2025-08-29 18:32:03] [INFO] Script Path: C:\xampp_\htdocs\access-teacher\AssessmentPublisher.php
[2025-08-29 18:32:03] [INFO] Current Server Time: 2025-08-29 18:32:03
[2025-08-29 18:32:03] [INFO] === Finished Assessment Publisher ===
[2025-08-29 12:32:03] [INFO] === Starting Assessment Publisher ===
[2025-08-29 18:32:03] [INFO] Starting assessment publisher
[2025-08-29 18:32:03] [INFO] PHP Version: 8.2.12
[2025-08-29 18:32:03] [INFO] Script Path: C:\xampp_\htdocs\access-teacher\AssessmentPublisher.php
[2025-08-29 18:32:03] [INFO] Current Server Time: 2025-08-29 18:32:03
[2025-08-29 18:32:03] [INFO] === Finished Assessment Publisher ===
[2025-08-29 12:32:03] [INFO] === Starting Assessment Publisher ===
[2025-08-29 18:32:03] [INFO] Starting assessment publisher
[2025-08-29 18:32:03] [INFO] PHP Version: 8.2.12
[2025-08-29 18:32:03] [INFO] Script Path: C:\xampp_\htdocs\access-teacher\AssessmentPublisher.php
[2025-08-29 18:32:03] [INFO] Current Server Time: 2025-08-29 18:32:03
[2025-08-29 18:32:03] [INFO] === Finished Assessment Publisher ===
[2025-08-29 12:32:03] [INFO] === Starting Assessment Publisher ===
[2025-08-29 18:32:03] [INFO] Starting assessment publisher
[2025-08-29 18:32:03] [INFO] PHP Version: 8.2.12
[2025-08-29 18:32:03] [INFO] Script Path: C:\xampp_\htdocs\access-teacher\AssessmentPublisher.php
[2025-08-29 18:32:03] [INFO] Current Server Time: 2025-08-29 18:32:03
[2025-08-29 18:32:03] [INFO] === Finished Assessment Publisher ===
[2025-08-29 12:32:04] [INFO] === Starting Assessment Publisher ===
[2025-08-29 18:32:04] [INFO] Starting assessment publisher
[2025-08-29 18:32:04] [INFO] PHP Version: 8.2.12
[2025-08-29 18:32:04] [INFO] Script Path: C:\xampp_\htdocs\access-teacher\AssessmentPublisher.php
[2025-08-29 18:32:04] [INFO] Current Server Time: 2025-08-29 18:32:04
[2025-08-29 18:32:04] [INFO] === Finished Assessment Publisher ===
[2025-08-29 12:33:21] [INFO] === Starting Assessment Publisher ===
[2025-08-29 18:33:21] [INFO] Starting assessment publisher
[2025-08-29 18:33:21] [INFO] PHP Version: 8.2.12
[2025-08-29 18:33:21] [INFO] Script Path: C:\xampp_\htdocs\access-teacher\AssessmentPublisher.php
[2025-08-29 18:33:21] [INFO] Current Server Time: 2025-08-29 18:33:21
[2025-08-29 18:33:21] [INFO] Assessments Path: C:\xampp_\htdocs/assessment-list/quizzes
[2025-08-29 18:33:21] [INFO] Found 6 JSON files
[2025-08-29 18:33:21] [INFO] Processing: quiz_1756374679_testing.json
[2025-08-29 18:33:21] [INFO] Processing: quiz_1756388898_Alphass.json
[2025-08-29 18:33:21] [INFO] Processing: quiz_1756393070_xz.json
[2025-08-29 18:33:21] [INFO] Processing: quiz_1756396232_Untitled_Quiz.json
[2025-08-29 18:33:21] [INFO] Processing: quiz_1756397470_Alpha_Beta.json
[2025-08-29 18:33:21] [INFO] Processing: quiz_1756454593_Testing_.json
[2025-08-29 18:33:21] [INFO] === Finished Assessment Publisher ===
[2025-08-29 12:33:31] [INFO] === Starting Assessment Publisher ===
[2025-08-29 18:33:31] [INFO] Starting assessment publisher
[2025-08-29 18:33:31] [INFO] PHP Version: 8.2.12
[2025-08-29 18:33:31] [INFO] Script Path: C:\xampp_\htdocs\access-teacher\AssessmentPublisher.php
[2025-08-29 18:33:31] [INFO] Current Server Time: 2025-08-29 18:33:31
[2025-08-29 18:33:31] [INFO] Assessments Path: C:\xampp_\htdocs/assessment-list/quizzes
[2025-08-29 18:33:31] [INFO] Found 6 JSON files
[2025-08-29 18:33:31] [INFO] Processing: quiz_1756374679_testing.json
[2025-08-29 18:33:31] [INFO] Processing: quiz_1756388898_Alphass.json
[2025-08-29 18:33:31] [INFO] Processing: quiz_1756393070_xz.json
[2025-08-29 18:33:31] [INFO] Processing: quiz_1756396232_Untitled_Quiz.json
[2025-08-29 18:33:31] [INFO] Processing: quiz_1756397470_Alpha_Beta.json
[2025-08-29 18:33:31] [INFO] Processing: quiz_1756454593_Testing_.json
[2025-08-29 18:33:31] [INFO] === Finished Assessment Publisher ===
[2025-08-29 12:33:31] [INFO] === Starting Assessment Publisher ===
[2025-08-29 18:33:31] [INFO] Starting assessment publisher
[2025-08-29 18:33:31] [INFO] PHP Version: 8.2.12
[2025-08-29 18:33:31] [INFO] Script Path: C:\xampp_\htdocs\access-teacher\AssessmentPublisher.php
[2025-08-29 18:33:31] [INFO] Current Server Time: 2025-08-29 18:33:31
[2025-08-29 18:33:31] [INFO] Assessments Path: C:\xampp_\htdocs/assessment-list/quizzes
[2025-08-29 18:33:31] [INFO] Found 6 JSON files
[2025-08-29 18:33:31] [INFO] Processing: quiz_1756374679_testing.json
[2025-08-29 18:33:31] [INFO] Processing: quiz_1756388898_Alphass.json
[2025-08-29 18:33:31] [INFO] Processing: quiz_1756393070_xz.json
[2025-08-29 18:33:31] [INFO] Processing: quiz_1756396232_Untitled_Quiz.json
[2025-08-29 18:33:31] [INFO] Processing: quiz_1756397470_Alpha_Beta.json
[2025-08-29 18:33:31] [INFO] Processing: quiz_1756454593_Testing_.json
[2025-08-29 18:33:31] [INFO] === Finished Assessment Publisher ===
[2025-08-29 12:33:31] [INFO] === Starting Assessment Publisher ===
[2025-08-29 18:33:31] [INFO] Starting assessment publisher
[2025-08-29 18:33:31] [INFO] PHP Version: 8.2.12
[2025-08-29 18:33:31] [INFO] Script Path: C:\xampp_\htdocs\access-teacher\AssessmentPublisher.php
[2025-08-29 18:33:31] [INFO] Current Server Time: 2025-08-29 18:33:31
[2025-08-29 18:33:31] [INFO] Assessments Path: C:\xampp_\htdocs/assessment-list/quizzes
[2025-08-29 18:33:31] [INFO] Found 6 JSON files
[2025-08-29 18:33:31] [INFO] Processing: quiz_1756374679_testing.json
[2025-08-29 18:33:31] [INFO] Processing: quiz_1756388898_Alphass.json
[2025-08-29 18:33:31] [INFO] Processing: quiz_1756393070_xz.json
[2025-08-29 18:33:31] [INFO] Processing: quiz_1756396232_Untitled_Quiz.json
[2025-08-29 18:33:31] [INFO] Processing: quiz_1756397470_Alpha_Beta.json
[2025-08-29 18:33:31] [INFO] Processing: quiz_1756454593_Testing_.json
[2025-08-29 18:33:31] [INFO] === Finished Assessment Publisher ===
[2025-08-29 12:33:31] [INFO] === Starting Assessment Publisher ===
[2025-08-29 18:33:31] [INFO] Starting assessment publisher
[2025-08-29 18:33:31] [INFO] PHP Version: 8.2.12
[2025-08-29 18:33:31] [INFO] Script Path: C:\xampp_\htdocs\access-teacher\AssessmentPublisher.php
[2025-08-29 18:33:31] [INFO] Current Server Time: 2025-08-29 18:33:31
[2025-08-29 18:33:31] [INFO] Assessments Path: C:\xampp_\htdocs/assessment-list/quizzes
[2025-08-29 18:33:31] [INFO] Found 6 JSON files
[2025-08-29 18:33:31] [INFO] Processing: quiz_1756374679_testing.json
[2025-08-29 18:33:31] [INFO] Processing: quiz_1756388898_Alphass.json
[2025-08-29 18:33:31] [INFO] Processing: quiz_1756393070_xz.json
[2025-08-29 18:33:31] [INFO] Processing: quiz_1756396232_Untitled_Quiz.json
[2025-08-29 18:33:31] [INFO] Processing: quiz_1756397470_Alpha_Beta.json
[2025-08-29 18:33:31] [INFO] Processing: quiz_1756454593_Testing_.json
[2025-08-29 18:33:31] [INFO] === Finished Assessment Publisher ===
[2025-08-29 12:41:09] [INFO] === Starting Assessment Publisher ===
[2025-08-29 18:41:09] [INFO] Starting assessment publisher
[2025-08-29 18:41:09] [INFO] PHP Version: 8.2.12
[2025-08-29 18:41:09] [INFO] Script Path: C:\xampp_\htdocs\access-teacher\AssessmentPublisher.php
[2025-08-29 18:41:09] [INFO] Current Server Time: 2025-08-29 18:41:09
[2025-08-29 18:41:09] [INFO] Assessments Path: C:\xampp_\htdocs/assessment-list/quizzes
[2025-08-29 18:41:09] [INFO] Found 6 JSON files
[2025-08-29 18:41:09] [INFO] Processing: quiz_1756374679_testing.json
[2025-08-29 18:41:09] [INFO] Quiz Details for quiz_1756374679_testing.json:
[2025-08-29 18:41:09] [INFO] - Title: testing
[2025-08-29 18:41:09] [INFO] - Is Published: 1
[2025-08-29 18:41:09] [INFO] - Available From Date: Not set
[2025-08-29 18:41:09] [INFO] - Available From Time: Not set
[2025-08-29 18:41:09] [INFO] Processing: quiz_1756388898_Alphass.json
[2025-08-29 18:41:09] [INFO] Quiz Details for quiz_1756388898_Alphass.json:
[2025-08-29 18:41:09] [INFO] - Title: Alphassxxx
[2025-08-29 18:41:09] [INFO] - Is Published: 0
[2025-08-29 18:41:09] [INFO] - Available From Date: Not set
[2025-08-29 18:41:09] [INFO] - Available From Time: Not set
[2025-08-29 18:41:09] [INFO] Processing: quiz_1756393070_xz.json
[2025-08-29 18:41:09] [INFO] Quiz Details for quiz_1756393070_xz.json:
[2025-08-29 18:41:09] [INFO] - Title: xz
[2025-08-29 18:41:09] [INFO] - Is Published: 0
[2025-08-29 18:41:09] [INFO] - Available From Date: Not set
[2025-08-29 18:41:09] [INFO] - Available From Time: Not set
[2025-08-29 18:41:09] [INFO] Processing: quiz_1756396232_Untitled_Quiz.json
[2025-08-29 18:41:09] [INFO] Quiz Details for quiz_1756396232_Untitled_Quiz.json:
[2025-08-29 18:41:09] [INFO] - Title: Untitled Quiz
[2025-08-29 18:41:09] [INFO] - Is Published: 0
[2025-08-29 18:41:09] [INFO] - Available From Date: Not set
[2025-08-29 18:41:09] [INFO] - Available From Time: Not set
[2025-08-29 18:41:09] [INFO] Processing: quiz_1756397470_Alpha_Beta.json
[2025-08-29 18:41:09] [INFO] Quiz Details for quiz_1756397470_Alpha_Beta.json:
[2025-08-29 18:41:09] [INFO] - Title: Alpha Beta
[2025-08-29 18:41:09] [INFO] - Is Published: 1
[2025-08-29 18:41:09] [INFO] - Available From Date: Not set
[2025-08-29 18:41:09] [INFO] - Available From Time: Not set
[2025-08-29 18:41:09] [INFO] Processing: quiz_1756454593_Testing_.json
[2025-08-29 18:41:09] [INFO] Quiz Details for quiz_1756454593_Testing_.json:
[2025-08-29 18:41:09] [INFO] - Title: Testing?
[2025-08-29 18:41:09] [INFO] - Is Published: 0
[2025-08-29 18:41:09] [INFO] - Available From Date: Not set
[2025-08-29 18:41:09] [INFO] - Available From Time: Not set
[2025-08-29 18:41:09] [INFO] === Finished Assessment Publisher ===
[2025-08-29 12:42:27] [INFO] === Starting Assessment Publisher ===
[2025-08-29 18:42:27] [INFO] Starting assessment publisher
[2025-08-29 18:42:27] [INFO] PHP Version: 8.2.12
[2025-08-29 18:42:27] [INFO] Script Path: C:\xampp_\htdocs\access-teacher\AssessmentPublisher.php
[2025-08-29 18:42:27] [INFO] Current Server Time: 2025-08-29 18:42:27
[2025-08-29 18:42:27] [INFO] Assessments Path: C:\xampp_\htdocs/assessment-list/quizzes
[2025-08-29 18:42:27] [INFO] Found 7 JSON files
[2025-08-29 18:42:27] [INFO] Processing: quiz_1756374679_testing.json
[2025-08-29 18:42:27] [INFO] Quiz Details for quiz_1756374679_testing.json:
[2025-08-29 18:42:27] [INFO] - Title: testing
[2025-08-29 18:42:27] [INFO] - Is Published: 1
[2025-08-29 18:42:27] [INFO] - Available From Date: Not set
[2025-08-29 18:42:27] [INFO] - Available From Time: Not set
[2025-08-29 18:42:27] [INFO] Processing: quiz_1756388898_Alphass.json
[2025-08-29 18:42:27] [INFO] Quiz Details for quiz_1756388898_Alphass.json:
[2025-08-29 18:42:27] [INFO] - Title: Alphassxxx
[2025-08-29 18:42:27] [INFO] - Is Published: 0
[2025-08-29 18:42:27] [INFO] - Available From Date: Not set
[2025-08-29 18:42:27] [INFO] - Available From Time: Not set
[2025-08-29 18:42:27] [INFO] Processing: quiz_1756393070_xz.json
[2025-08-29 18:42:27] [INFO] Quiz Details for quiz_1756393070_xz.json:
[2025-08-29 18:42:27] [INFO] - Title: xz
[2025-08-29 18:42:27] [INFO] - Is Published: 0
[2025-08-29 18:42:27] [INFO] - Available From Date: Not set
[2025-08-29 18:42:27] [INFO] - Available From Time: Not set
[2025-08-29 18:42:27] [INFO] Processing: quiz_1756396232_Untitled_Quiz.json
[2025-08-29 18:42:27] [INFO] Quiz Details for quiz_1756396232_Untitled_Quiz.json:
[2025-08-29 18:42:27] [INFO] - Title: Untitled Quiz
[2025-08-29 18:42:27] [INFO] - Is Published: 0
[2025-08-29 18:42:27] [INFO] - Available From Date: Not set
[2025-08-29 18:42:27] [INFO] - Available From Time: Not set
[2025-08-29 18:42:27] [INFO] Processing: quiz_1756397470_Alpha_Beta.json
[2025-08-29 18:42:27] [INFO] Quiz Details for quiz_1756397470_Alpha_Beta.json:
[2025-08-29 18:42:27] [INFO] - Title: Alpha Beta
[2025-08-29 18:42:27] [INFO] - Is Published: 1
[2025-08-29 18:42:27] [INFO] - Available From Date: Not set
[2025-08-29 18:42:27] [INFO] - Available From Time: Not set
[2025-08-29 18:42:27] [INFO] Processing: quiz_1756454593_Testing_.json
[2025-08-29 18:42:27] [INFO] Quiz Details for quiz_1756454593_Testing_.json:
[2025-08-29 18:42:27] [INFO] - Title: Testing?
[2025-08-29 18:42:27] [INFO] - Is Published: 0
[2025-08-29 18:42:27] [INFO] - Available From Date: Not set
[2025-08-29 18:42:27] [INFO] - Available From Time: Not set
[2025-08-29 18:42:27] [INFO] Processing: quiz_1756464132_test.json
[2025-08-29 18:42:27] [INFO] Quiz Details for quiz_1756464132_test.json:
[2025-08-29 18:42:27] [INFO] - Title: test
[2025-08-29 18:42:27] [INFO] - Is Published: 0
[2025-08-29 18:42:27] [INFO] - Available From Date: Not set
[2025-08-29 18:42:27] [INFO] - Available From Time: Not set
[2025-08-29 18:42:27] [INFO] === Finished Assessment Publisher ===
[2025-08-29 12:44:17] [INFO] === Starting Assessment Publisher ===
[2025-08-29 18:44:17] [INFO] Starting assessment publisher
[2025-08-29 18:44:17] [INFO] PHP Version: 8.2.12
[2025-08-29 18:44:17] [INFO] Script Path: C:\xampp_\htdocs\access-teacher\AssessmentPublisher.php
[2025-08-29 18:44:17] [INFO] Current Server Time: 2025-08-29 18:44:17
[2025-08-29 18:44:17] [INFO] Assessments Path: C:\xampp_\htdocs/assessment-list/quizzes
[2025-08-29 18:44:17] [INFO] Found 7 JSON files
[2025-08-29 18:44:17] [INFO] Processing: quiz_1756374679_testing.json
[2025-08-29 18:44:17] [INFO] Quiz Details for quiz_1756374679_testing.json:
[2025-08-29 18:44:17] [INFO] - Title: testing
[2025-08-29 18:44:17] [INFO] - Is Published: 1
[2025-08-29 18:44:17] [INFO] - Available From Date: 2025-08-28
[2025-08-29 18:44:17] [INFO] - Available From Time: 17:52
[2025-08-29 18:44:17] [INFO] Processing: quiz_1756388898_Alphass.json
[2025-08-29 18:44:17] [INFO] Quiz Details for quiz_1756388898_Alphass.json:
[2025-08-29 18:44:17] [INFO] - Title: Alphassxxx
[2025-08-29 18:44:17] [INFO] - Is Published: 0
[2025-08-29 18:44:17] [INFO] - Available From Date: 
[2025-08-29 18:44:17] [INFO] - Available From Time: 
[2025-08-29 18:44:17] [INFO] Schedule comparison for quiz_1756388898_Alphass.json:
[2025-08-29 18:44:17] [INFO] - Scheduled Time: 2025-08-29 18:44:17
[2025-08-29 18:44:17] [INFO] - Current Time: 2025-08-29 18:44:17
[2025-08-29 18:44:17] [SUCCESS] Publishing quiz: Alphassxxx
[2025-08-29 18:44:17] [INFO] Writing updated content to file
[2025-08-29 18:44:17] [SUCCESS] Successfully published: quiz_1756388898_Alphass.json
[2025-08-29 18:44:17] [INFO] Processing: quiz_1756393070_xz.json
[2025-08-29 18:44:17] [INFO] Quiz Details for quiz_1756393070_xz.json:
[2025-08-29 18:44:17] [INFO] - Title: xz
[2025-08-29 18:44:17] [INFO] - Is Published: 0
[2025-08-29 18:44:17] [INFO] - Available From Date: 
[2025-08-29 18:44:17] [INFO] - Available From Time: 
[2025-08-29 18:44:17] [INFO] Schedule comparison for quiz_1756393070_xz.json:
[2025-08-29 18:44:17] [INFO] - Scheduled Time: 2025-08-29 18:44:17
[2025-08-29 18:44:17] [INFO] - Current Time: 2025-08-29 18:44:17
[2025-08-29 18:44:17] [SUCCESS] Publishing quiz: xz
[2025-08-29 18:44:17] [INFO] Writing updated content to file
[2025-08-29 18:44:17] [SUCCESS] Successfully published: quiz_1756393070_xz.json
[2025-08-29 18:44:17] [INFO] Processing: quiz_1756396232_Untitled_Quiz.json
[2025-08-29 18:44:17] [INFO] Quiz Details for quiz_1756396232_Untitled_Quiz.json:
[2025-08-29 18:44:17] [INFO] - Title: Untitled Quiz
[2025-08-29 18:44:17] [INFO] - Is Published: 0
[2025-08-29 18:44:17] [INFO] - Available From Date: 
[2025-08-29 18:44:17] [INFO] - Available From Time: 
[2025-08-29 18:44:17] [INFO] Schedule comparison for quiz_1756396232_Untitled_Quiz.json:
[2025-08-29 18:44:17] [INFO] - Scheduled Time: 2025-08-29 18:44:17
[2025-08-29 18:44:17] [INFO] - Current Time: 2025-08-29 18:44:17
[2025-08-29 18:44:17] [SUCCESS] Publishing quiz: Untitled Quiz
[2025-08-29 18:44:17] [INFO] Writing updated content to file
[2025-08-29 18:44:17] [SUCCESS] Successfully published: quiz_1756396232_Untitled_Quiz.json
[2025-08-29 18:44:17] [INFO] Processing: quiz_1756397470_Alpha_Beta.json
[2025-08-29 18:44:17] [INFO] Quiz Details for quiz_1756397470_Alpha_Beta.json:
[2025-08-29 18:44:17] [INFO] - Title: Alpha Beta
[2025-08-29 18:44:17] [INFO] - Is Published: 1
[2025-08-29 18:44:17] [INFO] - Available From Date: 
[2025-08-29 18:44:17] [INFO] - Available From Time: 
[2025-08-29 18:44:17] [INFO] Processing: quiz_1756454593_Testing_.json
[2025-08-29 18:44:17] [INFO] Quiz Details for quiz_1756454593_Testing_.json:
[2025-08-29 18:44:17] [INFO] - Title: Testing?
[2025-08-29 18:44:17] [INFO] - Is Published: 0
[2025-08-29 18:44:17] [INFO] - Available From Date: 2025-08-29
[2025-08-29 18:44:17] [INFO] - Available From Time: 16:05
[2025-08-29 18:44:17] [INFO] Schedule comparison for quiz_1756454593_Testing_.json:
[2025-08-29 18:44:17] [INFO] - Scheduled Time: 2025-08-29 16:05:00
[2025-08-29 18:44:17] [INFO] - Current Time: 2025-08-29 18:44:17
[2025-08-29 18:44:17] [SUCCESS] Publishing quiz: Testing?
[2025-08-29 18:44:17] [INFO] Writing updated content to file
[2025-08-29 18:44:17] [SUCCESS] Successfully published: quiz_1756454593_Testing_.json
[2025-08-29 18:44:17] [INFO] Processing: quiz_1756464132_test.json
[2025-08-29 18:44:17] [INFO] Quiz Details for quiz_1756464132_test.json:
[2025-08-29 18:44:17] [INFO] - Title: test
[2025-08-29 18:44:17] [INFO] - Is Published: 0
[2025-08-29 18:44:17] [INFO] - Available From Date: 2025-08-29
[2025-08-29 18:44:17] [INFO] - Available From Time: 18:43
[2025-08-29 18:44:17] [INFO] Schedule comparison for quiz_1756464132_test.json:
[2025-08-29 18:44:17] [INFO] - Scheduled Time: 2025-08-29 18:43:00
[2025-08-29 18:44:17] [INFO] - Current Time: 2025-08-29 18:44:17
[2025-08-29 18:44:17] [SUCCESS] Publishing quiz: test
[2025-08-29 18:44:17] [INFO] Writing updated content to file
[2025-08-29 18:44:17] [SUCCESS] Successfully published: quiz_1756464132_test.json
[2025-08-29 18:44:17] [INFO] === Finished Assessment Publisher ===
[2025-08-29 19:21:28] [INFO] === Starting Assessment Publisher ===
[2025-08-29 19:21:28] [INFO] Starting assessment publisher
[2025-08-29 19:21:28] [INFO] PHP Version: 8.2.12
[2025-08-29 19:21:28] [INFO] Script Path: C:\xampp_\htdocs\access-teacher\AssessmentPublisher.php
[2025-08-29 19:21:28] [INFO] Current Server Time: 2025-08-29 19:21:28
[2025-08-29 19:21:28] [INFO] Assessments Path: C:\xampp_\htdocs/assessment-list/quizzes
[2025-08-29 19:21:28] [INFO] Found 1 JSON files
[2025-08-29 19:21:28] [INFO] Processing: quiz_1756466337_test.json
[2025-08-29 19:21:28] [INFO] Quiz Details for quiz_1756466337_test.json:
[2025-08-29 19:21:28] [INFO] - Title: test
[2025-08-29 19:21:28] [INFO] - Is Published: 0
[2025-08-29 19:21:28] [INFO] - Available From Date: 
[2025-08-29 19:21:28] [INFO] - Available From Time: 
[2025-08-29 19:21:28] [INFO] === Finished Assessment Publisher ===
[2025-08-29 19:21:32] [INFO] === Starting Assessment Publisher ===
[2025-08-29 19:21:32] [INFO] Starting assessment publisher
[2025-08-29 19:21:32] [INFO] PHP Version: 8.2.12
[2025-08-29 19:21:32] [INFO] Script Path: C:\xampp_\htdocs\access-teacher\AssessmentPublisher.php
[2025-08-29 19:21:32] [INFO] Current Server Time: 2025-08-29 19:21:32
[2025-08-29 19:21:32] [INFO] Assessments Path: C:\xampp_\htdocs/assessment-list/quizzes
[2025-08-29 19:21:32] [INFO] Found 1 JSON files
[2025-08-29 19:21:32] [INFO] Processing: quiz_1756466337_test.json
[2025-08-29 19:21:32] [INFO] Quiz Details for quiz_1756466337_test.json:
[2025-08-29 19:21:32] [INFO] - Title: test
[2025-08-29 19:21:32] [INFO] - Is Published: 0
[2025-08-29 19:21:32] [INFO] - Available From Date: 
[2025-08-29 19:21:32] [INFO] - Available From Time: 
[2025-08-29 19:21:32] [INFO] === Finished Assessment Publisher ===
[2025-08-29 19:21:32] [INFO] === Starting Assessment Publisher ===
[2025-08-29 19:21:32] [INFO] Starting assessment publisher
[2025-08-29 19:21:32] [INFO] PHP Version: 8.2.12
[2025-08-29 19:21:32] [INFO] Script Path: C:\xampp_\htdocs\access-teacher\AssessmentPublisher.php
[2025-08-29 19:21:32] [INFO] Current Server Time: 2025-08-29 19:21:32
[2025-08-29 19:21:32] [INFO] Assessments Path: C:\xampp_\htdocs/assessment-list/quizzes
[2025-08-29 19:21:32] [INFO] Found 1 JSON files
[2025-08-29 19:21:32] [INFO] Processing: quiz_1756466337_test.json
[2025-08-29 19:21:32] [INFO] Quiz Details for quiz_1756466337_test.json:
[2025-08-29 19:21:32] [INFO] - Title: test
[2025-08-29 19:21:32] [INFO] - Is Published: 0
[2025-08-29 19:21:32] [INFO] - Available From Date: 
[2025-08-29 19:21:32] [INFO] - Available From Time: 
[2025-08-29 19:21:32] [INFO] === Finished Assessment Publisher ===
[2025-08-29 19:21:32] [INFO] === Starting Assessment Publisher ===
[2025-08-29 19:21:32] [INFO] Starting assessment publisher
[2025-08-29 19:21:32] [INFO] PHP Version: 8.2.12
[2025-08-29 19:21:32] [INFO] Script Path: C:\xampp_\htdocs\access-teacher\AssessmentPublisher.php
[2025-08-29 19:21:32] [INFO] Current Server Time: 2025-08-29 19:21:32
[2025-08-29 19:21:32] [INFO] Assessments Path: C:\xampp_\htdocs/assessment-list/quizzes
[2025-08-29 19:21:32] [INFO] Found 1 JSON files
[2025-08-29 19:21:32] [INFO] Processing: quiz_1756466337_test.json
[2025-08-29 19:21:32] [INFO] Quiz Details for quiz_1756466337_test.json:
[2025-08-29 19:21:32] [INFO] - Title: test
[2025-08-29 19:21:32] [INFO] - Is Published: 0
[2025-08-29 19:21:32] [INFO] - Available From Date: 
[2025-08-29 19:21:32] [INFO] - Available From Time: 
[2025-08-29 19:21:32] [INFO] === Finished Assessment Publisher ===
[2025-08-29 19:21:47] [INFO] === Starting Assessment Publisher ===
[2025-08-29 19:21:47] [INFO] Starting assessment publisher
[2025-08-29 19:21:47] [INFO] PHP Version: 8.2.12
[2025-08-29 19:21:47] [INFO] Script Path: C:\xampp_\htdocs\access-teacher\AssessmentPublisher.php
[2025-08-29 19:21:47] [INFO] Current Server Time: 2025-08-29 19:21:47
[2025-08-29 19:21:47] [INFO] Assessments Path: C:\xampp_\htdocs/assessment-list/quizzes
[2025-08-29 19:21:47] [INFO] Found 1 JSON files
[2025-08-29 19:21:47] [INFO] Processing: quiz_1756466337_test.json
[2025-08-29 19:21:47] [INFO] Quiz Details for quiz_1756466337_test.json:
[2025-08-29 19:21:47] [INFO] - Title: test
[2025-08-29 19:21:47] [INFO] - Is Published: 0
[2025-08-29 19:21:47] [INFO] - Available From Date: 
[2025-08-29 19:21:47] [INFO] - Available From Time: 
[2025-08-29 19:21:47] [INFO] Schedule comparison for quiz_1756466337_test.json:
[2025-08-29 19:21:47] [INFO] - Scheduled Time: 2025-08-29 19:21:47
[2025-08-29 19:21:47] [INFO] - Current Time: 2025-08-29 19:21:47
[2025-08-29 19:21:47] [SUCCESS] Publishing quiz: test
[2025-08-29 19:21:47] [INFO] Writing updated content to file
[2025-08-29 19:21:47] [SUCCESS] Successfully published: quiz_1756466337_test.json
[2025-08-29 19:21:47] [INFO] === Finished Assessment Publisher ===
